<?xml version="1.0" encoding="UTF-8"?>
<testng-results skipped="0" failed="0" ignored="0" total="1" passed="1">
  <reporter-output>
  </reporter-output>
  <suite name="phpTravels" duration-ms="39400" started-at="2019-11-29T18:52:42 IST" finished-at="2019-11-29T18:53:22 IST">
    <groups>
    </groups>
    <test name="hotelBookingTest" duration-ms="39400" started-at="2019-11-29T18:52:42 IST" finished-at="2019-11-29T18:53:22 IST">
      <class name="com.phptravels.testscript.TestHotelBooking">
        <test-method status="PASS" signature="configSetup(org.testng.ITestContext)[pri:0, instance:com.phptravels.testscript.TestHotelBooking@42d8062c]" name="configSetup" is-config="true" duration-ms="17017" started-at="2019-11-29T18:52:42 IST" finished-at="2019-11-29T18:52:59 IST">
          <params>
            <param index="0">
              <value>
                <![CDATA[org.testng.TestRunner@5b5c0057]]>
              </value>
            </param>
          </params>
          <reporter-output>
          </reporter-output>
        </test-method> <!-- configSetup -->
        <test-method status="PASS" signature="bookingHotel()[pri:0, instance:com.phptravels.testscript.TestHotelBooking@42d8062c]" name="bookingHotel" duration-ms="21334" started-at="2019-11-29T18:52:59 IST" finished-at="2019-11-29T18:53:21 IST">
          <reporter-output>
          </reporter-output>
        </test-method> <!-- bookingHotel -->
        <test-method status="PASS" signature="tearDown()[pri:0, instance:com.phptravels.testscript.TestHotelBooking@42d8062c]" name="tearDown" is-config="true" duration-ms="975" started-at="2019-11-29T18:53:21 IST" finished-at="2019-11-29T18:53:22 IST">
          <reporter-output>
          </reporter-output>
        </test-method> <!-- tearDown -->
      </class> <!-- com.phptravels.testscript.TestHotelBooking -->
    </test> <!-- hotelBookingTest -->
  </suite> <!-- phpTravels -->
  <suite name="phptravelsSuits" duration-ms="0" started-at="2019-11-29T18:53:22 IST" finished-at="2019-11-29T18:53:22 IST">
    <groups>
    </groups>
  </suite> <!-- phptravelsSuits -->
</testng-results>
